Agent Group Id: 025000000000002
Agent Group Name: Informatica Cloud Hosted Agent
Agent Id: 008000000000078
Task Name: Activity1
Task Type: MTT_TEST
Task Id: 012TLQ0Z000000000003
Run Id: 7
Service Id: 1760263
Started By: susmita.panda1@ibm.com
Run Context Type: ICS_UI
01/17/2025 13:05:52 **** Importing Connection: Conn_012TLQ0B000000000002 ...
01/17/2025 13:05:52 **** Importing Source Definition: Phones ...
01/17/2025 13:05:52 **** Importing Target Definition: Budget_Phones ...
01/17/2025 13:05:52 **** Importing Target Definition: Midrange_Phones ...
01/17/2025 13:05:52 **** Importing Target Definition: Luxury_Phones ...
01/17/2025 13:05:52 **** Importing SessionConfig: default_session_config ...
    <Warning> :  The Error Log DB Connection value should have Relational: as the prefix.
    <Warning> :  Invalid value  for attribute Error Log DB Connection. Will use the default value 
    Validating Source Definition  Phones...
    Validating Target Definition  Luxury_Phones...
    Validating Target Definition  Midrange_Phones...
    Validating Target Definition  Budget_Phones...
01/17/2025 13:05:52 **** Importing Mapping: Mapping0 ...
    <Warning> :  transformation: Source - Invalid value  for attribute Output is repeatable. Will use the default value Never    [transformation< Source > ] 
Validating transformations of mapping Mapping0...
Validating mapping variable(s).
01/17/2025 13:05:52 **** Importing Workflow: wf_mtt_012TLQ0Z000000000003 ...
    <Warning> :  Invalid value None for attribute Pushdown Optimization Context. Will use the default value None     [Session< s_mtt_012TLQ0Z000000000003 > ] 
    <Warning> :  The value entered is not a valid integer.
    <Warning> :  Invalid value NO for attribute Fail task after wait time. Will use the default value 
Successfully extracted session instance [s_mtt_012TLQ0Z000000000003].  Starting repository sequence id is [1539572909]
DIRECTOR> VAR_27085 [2025-01-17 13:05:52.836] Parameter file [/data2/home/cldagnt/SystemAgent/apps/Data_Integration_Server/data/012TLQ0E00000000005S/012TLQ/parameters/s_mtt_012TLQ0Z000000000003.param] is opened for [session [wf_mtt_012TLQ0Z000000000003.s_mtt_012TLQ0Z000000000003]].
DIRECTOR> VAR_27062 [2025-01-17 13:05:52.836] Warning! Cannot find section for worklet [wf_mtt_012TLQ0Z000000000003] and folder [] in parameter file [/data2/home/cldagnt/SystemAgent/apps/Data_Integration_Server/data/012TLQ0E00000000005S/012TLQ/parameters/s_mtt_012TLQ0Z000000000003.param].
DIRECTOR> TM_6014 [2025-01-17 13:05:52.837] Initializing session [s_mtt_012TLQ0Z000000000003] at [Fri Jan 17 13:05:52 2025].
DIRECTOR> TM_6683 [2025-01-17 13:05:52.837] Repository Name: [XMLRepository]
DIRECTOR> TM_6684 [2025-01-17 13:05:52.837] Server Name: [rDTM]
DIRECTOR> TM_6686 [2025-01-17 13:05:52.837] Folder: []
DIRECTOR> TM_6685 [2025-01-17 13:05:52.837] Workflow: [wf_mtt_012TLQ0Z000000000003] Run Instance Name: [] Run Id: [0]
DIRECTOR> TM_6992 [2025-01-17 13:05:52.837] Operating System Type [Linux]
DIRECTOR> TM_6101 [2025-01-17 13:05:52.837] Mapping name: Mapping0.
DIRECTOR> TM_6964 [2025-01-17 13:05:52.837] Date format for the Session is [MM/DD/YYYY HH24:MI:SS.US]
DIRECTOR> TM_6703 [2025-01-17 13:05:52.837] Session [s_mtt_012TLQ0Z000000000003] is run by 64-bit Integration Service  [], version [10.2.0 HotFix2], build [0320].
MANAGER> PETL_24091 [2025-01-17 13:05:52.850] Thread [MANAGER] has the ID [1].
MANAGER> PETL_24058 [2025-01-17 13:05:52.850] Running Partition Group [1].
MANAGER> PETL_24000 [2025-01-17 13:05:52.850] Parallel Pipeline Engine initializing.
MONITOR> PETL_24091 [2025-01-17 13:05:52.850] Thread [MONITOR] has the ID [2].
MANAGER> PETL_24001 [2025-01-17 13:05:52.851] Parallel Pipeline Engine running.
MANAGER> PETL_24003 [2025-01-17 13:05:52.851] Initializing session run.
MAPPING> PETL_24091 [2025-01-17 13:05:52.851] Thread [MAPPING] has the ID [3].
MAPPING> CMN_1569 [2025-01-17 13:05:52.854] Server Mode: [UNICODE]
MAPPING> CMN_1570 [2025-01-17 13:05:52.854] Server Code page: [UTF-8 encoding of Unicode]
MAPPING> TM_6151 [2025-01-17 13:05:52.854] The session sort order is [Binary].
MAPPING> TM_6185 [2025-01-17 13:05:52.854] Warning. Code page validation is disabled in this session.
MAPPING> CMN_65110 [2025-01-17 13:05:52.854] Current Timezone:[UTC -5:0]
MAPPING> CMN_65111 [2025-01-17 13:05:52.854] Current Process ID:[577500]
MAPPING> TM_6155 [2025-01-17 13:05:52.854] Using HIGH precision processing.
MAPPING> TM_6180 [2025-01-17 13:05:52.854] Deadlock retry logic will not be implemented.
MAPPING> TM_6187 [2025-01-17 13:05:52.854] Session target-based commit interval is [10000].
MAPPING> TM_6307 [2025-01-17 13:05:52.854] DTM error log disabled. 
MAPPING> TE_7022 [2025-01-17 13:05:52.854] TShmWriter: Initialized
MAPPING> TM_6007 [2025-01-17 13:05:52.857] DTM initialized successfully for session [s_mtt_012TLQ0Z000000000003]
DIRECTOR> PETL_24033 [2025-01-17 13:05:52.871] All DTM Connection Info: [<NONE>].
MANAGER> PETL_24004 [2025-01-17 13:05:52.871] Starting pre-session tasks. : (Fri Jan 17 13:05:52 2025)
PRE-SESS> PETL_24091 [2025-01-17 13:05:52.871] Thread [PRE-SESS] has the ID [4].
MANAGER> PETL_24027 [2025-01-17 13:05:52.875] Pre-session task completed successfully. : (Fri Jan 17 13:05:52 2025)
DIRECTOR> PETL_24006 [2025-01-17 13:05:52.875] Starting data movement.
MAPPING> TM_6660 [2025-01-17 13:05:52.879] Total Buffer Pool size is 23810240 bytes and Block size is 624480 bytes.
READER_1_1_1> PETL_24091 [2025-01-17 13:05:52.880] Thread [READER_1_1_1] has the ID [5].
READER_1_1_1> DBG_21438 [2025-01-17 13:05:52.881] Reader: Source is [odbc://dbtype=MySQL;host=db4free.net;port=3306;database=fstm2db], Type [ODBC], User [fstm2db]
READER_1_1_1> BLKR_16051 [2025-01-17 13:05:52.883] Source database connection [Conn_012TLQ0B000000000002] code page: [UTF-8 encoding of Unicode]
READER_1_1_1> CMN_1021 [2025-01-17 13:05:52.883] Database driver event...
CMN_1021 [Driver Manager used is [UnixODBC 2.3.4].]

READER_1_1_1> CMN_1021 [2025-01-17 13:05:55.537] Database driver event...
CMN_1021 [ODBC Event Using array fetches.
ODBC Event Using Single Row Inserts. connect string = [Driver=MySQL ODBC 8.0 Unicode Driver;Server=db4free.net;Database=fstm2db;Port=3306;USER=fstm2db;NO_SSPS=1;stmt=set time_zone = '+00:00';Charset=UTF8;OPTION=3;SSLMODE=DISABLED]. userid = [fstm2db]
ODBC Version:	03.52
.
DBMS Name:	MySQL
.
DBMS Version:	8.3.0
.
Driver Name:	libmyodbc8w.so
.
Driver Version:	08.00.0012
.
Driver ODBC Version:	03.80
.
MySQL rewrite batch optimization is disabled with maximum bind parameter size set to 2500.]

READER_1_1_1> BLKR_16003 [2025-01-17 13:05:55.538] Initialization completed successfully.
TRANSF_1_1_1> PETL_24091 [2025-01-17 13:05:55.538] Thread [TRANSF_1_1_1] has the ID [6].
WRITER_1_*_1> PETL_24091 [2025-01-17 13:05:55.539] Thread [WRITER_1_*_1] has the ID [7].
WRITER_1_*_1> WRT_8147 [2025-01-17 13:05:55.539] Writer: Target is Database [odbc://dbtype=MySQL;host=db4free.net;port=3306;database=fstm2db], Type [ODBC], User [fstm2db], Bulk Mode [OFF]
WRITER_1_*_1> CMN_1021 [2025-01-17 13:05:55.539] Database driver event...
CMN_1021 [Driver Manager used is [UnixODBC 2.3.4].]

WRITER_1_*_1> CMN_1021 [2025-01-17 13:05:58.181] Database driver event...
CMN_1021 [ODBC Event Using array fetches.
ODBC Event Using Single Row Inserts. connect string = [Driver=MySQL ODBC 8.0 Unicode Driver;Server=db4free.net;Database=fstm2db;Port=3306;USER=fstm2db;NO_SSPS=1;stmt=set time_zone = '+00:00';Charset=UTF8;OPTION=3;SSLMODE=DISABLED]. userid = [fstm2db]
ODBC Version:	03.52
.
DBMS Name:	MySQL
.
DBMS Version:	8.3.0
.
Driver Name:	libmyodbc8w.so
.
Driver Version:	08.00.0012
.
Driver ODBC Version:	03.80
.
MySQL rewrite batch optimization is disabled with maximum bind parameter size set to 2500.]

WRITER_1_*_1> WRT_8221 [2025-01-17 13:05:58.767] Target database connection [Conn_012TLQ0B000000000002] code page: [UTF-8 encoding of Unicode]
WRITER_1_*_1> WRT_8124 [2025-01-17 13:05:58.768] Target Table Budget_Phones :SQL INSERT statement:
INSERT INTO fstm2db.Budget_Phones(Prod_ID,Prod_Name,Prod_Desc,Prod_Price)  VALUES ( ?, ?, ?, ?) 
WRITER_1_*_1> WRT_8124 [2025-01-17 13:05:58.768] Target Table Budget_Phones :SQL UPDATE statement:
All columns marked as primary keys. UPDATEs will have no effect.
WRITER_1_*_1> WRT_8124 [2025-01-17 13:05:58.768] Target Table Budget_Phones :SQL DELETE statement:
DELETE FROM fstm2db.Budget_Phones WHERE Prod_ID = ? AND Prod_Name = ? AND Prod_Desc = ? AND Prod_Price = ?
WRITER_1_*_1> WRT_8147 [2025-01-17 13:05:58.769] Writer: Target is Database [odbc://dbtype=MySQL;host=db4free.net;port=3306;database=fstm2db], Type [ODBC], User [fstm2db], Bulk Mode [OFF]
WRITER_1_*_1> WRT_8124 [2025-01-17 13:05:58.769] Target Table Midrange_Phones :SQL INSERT statement:
INSERT INTO fstm2db.Midrange_Phones(Prod_ID,Prod_Name,Prod_Desc,Prod_Price)  VALUES ( ?, ?, ?, ?) 
WRITER_1_*_1> WRT_8124 [2025-01-17 13:05:58.769] Target Table Midrange_Phones :SQL UPDATE statement:
All columns marked as primary keys. UPDATEs will have no effect.
WRITER_1_*_1> WRT_8124 [2025-01-17 13:05:58.769] Target Table Midrange_Phones :SQL DELETE statement:
DELETE FROM fstm2db.Midrange_Phones WHERE Prod_ID = ? AND Prod_Name = ? AND Prod_Desc = ? AND Prod_Price = ?
WRITER_1_*_1> WRT_8147 [2025-01-17 13:05:58.770] Writer: Target is Database [odbc://dbtype=MySQL;host=db4free.net;port=3306;database=fstm2db], Type [ODBC], User [fstm2db], Bulk Mode [OFF]
WRITER_1_*_1> WRT_8124 [2025-01-17 13:05:58.770] Target Table Luxury_Phones :SQL INSERT statement:
INSERT INTO fstm2db.Luxury_Phones(Prod_ID,Prod_Name,Prod_Desc,Prod_Price)  VALUES ( ?, ?, ?, ?) 
WRITER_1_*_1> WRT_8124 [2025-01-17 13:05:58.770] Target Table Luxury_Phones :SQL UPDATE statement:
All columns marked as primary keys. UPDATEs will have no effect.
WRITER_1_*_1> WRT_8124 [2025-01-17 13:05:58.770] Target Table Luxury_Phones :SQL DELETE statement:
DELETE FROM fstm2db.Luxury_Phones WHERE Prod_ID = ? AND Prod_Name = ? AND Prod_Desc = ? AND Prod_Price = ?
WRITER_1_*_1> WRT_8270 [2025-01-17 13:05:58.770] Target connection group #1 consists of target(s) [Budget_Phones, Midrange_Phones, Luxury_Phones]
WRITER_1_*_1> WRT_8003 [2025-01-17 13:05:58.770] Writer initialization complete.
READER_1_1_1> BLKR_16007 [2025-01-17 13:05:58.771] Reader run started.
WRITER_1_*_1> WRT_8005 [2025-01-17 13:05:58.771] Writer run started.
WRITER_1_*_1> WRT_8158 [2025-01-17 13:05:58.771] 

*****START LOAD SESSION*****

Load Start Time: Fri Jan 17 13:05:58 2025

Target tables:

     Budget_Phones
     Midrange_Phones
     Luxury_Phones


READER_1_1_1> RR_4010 [2025-01-17 13:05:58.771] SQ instance [Source] SQL Query [SELECT fstm2db.Phones.Prod_ID, fstm2db.Phones.Prod_Name, fstm2db.Phones.Prod_Desc, fstm2db.Phones.Prod_Price FROM fstm2db.Phones]
READER_1_1_1> RR_4049 [2025-01-17 13:05:58.771] SQL Query issued to database : (Fri Jan 17 13:05:58 2025)
READER_1_1_1> RR_4050 [2025-01-17 13:05:59.471] First row returned from database to reader : (Fri Jan 17 13:05:59 2025)
READER_1_1_1> BLKR_16019 [2025-01-17 13:05:59.472] Read [100] rows, read [0] error rows for source table [Phones] instance name [Phones]
READER_1_1_1> BLKR_16008 [2025-01-17 13:05:59.472] Reader run completed.
TRANSF_1_1_1> DBG_21216 [2025-01-17 13:05:59.472] Finished transformations for Source Qualifier [Source]. Total errors [0] 
WRITER_1_*_1> WRT_8167 [2025-01-17 13:05:59.472] Start loading table [Budget_Phones] at: Fri Jan 17 13:05:58 2025
WRITER_1_*_1> WRT_8167 [2025-01-17 13:06:08.576] Start loading table [Midrange_Phones] at: Fri Jan 17 13:06:07 2025
WRITER_1_*_1> WRT_8167 [2025-01-17 13:06:22.417] Start loading table [Luxury_Phones] at: Fri Jan 17 13:06:21 2025
WRITER_1_*_1> WRT_8168 [2025-01-17 13:06:30.923] End loading table [Budget_Phones] at: Fri Jan 17 13:06:30 2025
WRITER_1_*_1> WRT_8141 [2025-01-17 13:06:31.217] 
Commit on end-of-data  Fri Jan 17 13:06:30 2025
===================================================

WRT_8036 Target: Budget_Phones (Instance Name: [Budget_Phones])
WRT_8041 Updated rows  - Requested: 30         Applied: 30         Rejected: 0          Affected: 30        

WRT_8036 Target: Midrange_Phones (Instance Name: [Midrange_Phones])
WRT_8041 Updated rows  - Requested: 43         Applied: 43         Rejected: 0          Affected: 43        

WRT_8036 Target: Luxury_Phones (Instance Name: [Luxury_Phones])
WRT_8041 Updated rows  - Requested: 27         Applied: 27         Rejected: 0          Affected: 27        

WRITER_1_*_1> WRT_8168 [2025-01-17 13:06:31.217] End loading table [Midrange_Phones] at: Fri Jan 17 13:06:30 2025
WRITER_1_*_1> WRT_8168 [2025-01-17 13:06:31.217] End loading table [Luxury_Phones] at: Fri Jan 17 13:06:30 2025
WRITER_1_*_1> WRT_8035 [2025-01-17 13:06:31.217] Load complete time: Fri Jan 17 13:06:30 2025

LOAD SUMMARY
============

WRT_8036 Target: Budget_Phones (Instance Name: [Budget_Phones])
WRT_8041 Updated rows  - Requested: 30         Applied: 30         Rejected: 0          Affected: 30        

WRT_8036 Target: Midrange_Phones (Instance Name: [Midrange_Phones])
WRT_8041 Updated rows  - Requested: 43         Applied: 43         Rejected: 0          Affected: 43        

WRT_8036 Target: Luxury_Phones (Instance Name: [Luxury_Phones])
WRT_8041 Updated rows  - Requested: 27         Applied: 27         Rejected: 0          Affected: 27        


WRITER_1_*_1> WRT_8043 [2025-01-17 13:06:31.217] *****END LOAD SESSION*****
WRITER_1_*_1> WRT_8006 [2025-01-17 13:06:31.519] Writer run completed.
MANAGER> PETL_24031 [2025-01-17 13:06:31.520] 
***** RUN INFO FOR TGT LOAD ORDER GROUP [1], CONCURRENT SET [1] *****
Thread [READER_1_1_1] created for [the read stage] of partition point [Source] has completed.
	Total Run Time = [0.995202] secs
	Total Idle Time = [0.000000] secs
	Busy Percentage = [100.000000]
Thread [TRANSF_1_1_1] created for [the transformation stage] of partition point [Source] has completed. The total run time was insufficient for any meaningful statistics.
Thread [WRITER_1_*_1] created for [the write stage] of partition point [Budget_Phones, Midrange_Phones, Luxury_Phones] has completed.
	Total Run Time = [32.047275] secs
	Total Idle Time = [0.000000] secs
	Busy Percentage = [100.000000]

MANAGER> PETL_24005 [2025-01-17 13:06:31.521] Starting post-session tasks. : (Fri Jan 17 13:06:31 2025)
POST-SESS> PETL_24091 [2025-01-17 13:06:31.521] Thread [POST-SESS] has the ID [8].
MANAGER> PETL_24029 [2025-01-17 13:06:31.521] Post-session task completed successfully. : (Fri Jan 17 13:06:31 2025)
MAPPING> TM_6018 [2025-01-17 13:06:31.521] The session completed with [0] row transformation errors. 
MANAGER> PETL_24002 [2025-01-17 13:06:31.666] Parallel Pipeline Engine finished.
DIRECTOR> PETL_24012 [2025-01-17 13:06:31.666] Session run completed successfully.
DIRECTOR> TM_6022 [2025-01-17 13:06:31.666] 

SESSION LOAD SUMMARY
================================================

DIRECTOR> TM_6252 [2025-01-17 13:06:31.666] Source Load Summary.
DIRECTOR> CMN_1740 [2025-01-17 13:06:31.667] Table: [Source] (Instance Name: [Source] Instance UI Name: [Source])
	 Output Rows [100], Affected Rows [100], Applied Rows [100], Rejected Rows [0]
DIRECTOR> TM_6253 [2025-01-17 13:06:31.667] Target Load Summary.
DIRECTOR> CMN_1740 [2025-01-17 13:06:31.667] Table: [Budget_Phones] (Instance Name: [Budget_Phones] Instance UI Name: [Budget_Target])
	 Output Rows [30], Affected Rows [30], Applied Rows [30], Rejected Rows [0]
DIRECTOR> CMN_1740 [2025-01-17 13:06:31.667] Table: [Midrange_Phones] (Instance Name: [Midrange_Phones] Instance UI Name: [Midrange_Target])
	 Output Rows [43], Affected Rows [43], Applied Rows [43], Rejected Rows [0]
DIRECTOR> CMN_1740 [2025-01-17 13:06:31.667] Table: [Luxury_Phones] (Instance Name: [Luxury_Phones] Instance UI Name: [Luxury_Target])
	 Output Rows [27], Affected Rows [27], Applied Rows [27], Rejected Rows [0]
DIRECTOR> TM_6023 [2025-01-17 13:06:31.667] 
===================================================

DIRECTOR> TM_6020 [2025-01-17 13:06:31.667] Session [s_mtt_012TLQ0Z000000000003] completed at [Fri Jan 17 13:06:31 2025].
